<?xml version="1.0" encoding="utf-8"?><testsuites><testsuite name="pytest" errors="2" failures="0" skipped="0" tests="2" time="0.670" timestamp="2024-11-25T17:40:58.477315-05:00" hostname="Sharath"><testcase classname="" name="testCases.test_Home" time="0.000"><error message="collection failure">ImportError while importing test module 'C:\Users\SharathRaoTamvada(Da\OneDrive - Intuitive Technology Partners, Inc\Azas_zoovee\zoovee_payroll_automation_tests\testCases\test_Home.py'.
Hint: make sure your test modules/packages have valid Python names.
Traceback:
C:\Program Files\WindowsApps\PythonSoftwareFoundation.Python.3.12_3.12.2032.0_x64__qbz5n2kfra8p0\Lib\importlib\__init__.py:90: in import_module
    return _bootstrap._gcd_import(name[level:], package, level)
testCases\test_Home.py:1: in &lt;module&gt;
    from selenium import webdriver
E   ModuleNotFoundError: No module named 'selenium'</error></testcase><testcase classname="" name="testCases.test_Login" time="0.000"><error message="collection failure">ImportError while importing test module 'C:\Users\SharathRaoTamvada(Da\OneDrive - Intuitive Technology Partners, Inc\Azas_zoovee\zoovee_payroll_automation_tests\testCases\test_Login.py'.
Hint: make sure your test modules/packages have valid Python names.
Traceback:
C:\Program Files\WindowsApps\PythonSoftwareFoundation.Python.3.12_3.12.2032.0_x64__qbz5n2kfra8p0\Lib\importlib\__init__.py:90: in import_module
    return _bootstrap._gcd_import(name[level:], package, level)
testCases\test_Login.py:2: in &lt;module&gt;
    from selenium import webdriver
E   ModuleNotFoundError: No module named 'selenium'</error></testcase></testsuite></testsuites>