<?xml version="1.0" encoding="utf-8"?><testsuites><testsuite name="pytest" errors="0" failures="1" skipped="0" tests="1" time="24.497" timestamp="2024-11-26T00:34:53.029349+05:30" hostname="Ts-MacBook-Air"><testcase classname="testCases.test_Login.TestLogin" name="test_login" time="23.337"><failure message="selenium.common.exceptions.NoSuchElementException: Message: no such element: Unable to locate element: {&quot;method&quot;:&quot;xpath&quot;,&quot;selector&quot;:&quot;/html/body/app-root/div/div/div/div/app-home/div/div/div/div/ngx-slick-carousel/div/div/div[2]/div/div/h2&quot;}&#10;  (Session info: chrome=131.0.6778.86); For documentation on this error, please visit: https://www.selenium.dev/documentation/webdriver/troubleshooting/errors#no-such-element-exception&#10;Stacktrace:&#10;0   chromedriver                        0x000000010f55ce82 chromedriver + 6696578&#10;1   chromedriver                        0x000000010f554c9a chromedriver + 6663322&#10;2   chromedriver                        0x000000010ef5ce3e chromedriver + 405054&#10;3   chromedriver                        0x000000010efad815 chromedriver + 735253&#10;4   chromedriver                        0x000000010efadd11 chromedriver + 736529&#10;5   chromedriver                        0x000000010eff8314 chromedriver + 1041172&#10;6   chromedriver                        0x000000010efd289d chromedriver + 886941&#10;7   chromedriver                        0x000000010eff53f4 chromedriver + 1029108&#10;8   chromedriver                        0x000000010efd2613 chromedriver + 886291&#10;9   chromedriver                        0x000000010ef9f950 chromedriver + 678224&#10;10  chromedriver                        0x000000010efa034e chromedriver + 680782&#10;11  chromedriver                        0x000000010f52a770 chromedriver + 6489968&#10;12  chromedriver                        0x000000010f52d219 chromedriver + 6500889&#10;13  chromedriver                        0x000000010f52cd3b chromedriver + 6499643&#10;14  chromedriver                        0x000000010f52d6a5 chromedriver + 6502053&#10;15  chromedriver                        0x000000010f515524 chromedriver + 6403364&#10;16  chromedriver                        0x000000010f52d98f chromedriver + 6502799&#10;17  chromedriver                        0x000000010f506954 chromedriver + 6342996&#10;18  chromedriver                        0x000000010f545378 chromedriver + 6599544&#10;19  chromedriver                        0x000000010f545535 chromedriver + 6599989&#10;20  chromedriver                        0x000000010f554868 chromedriver + 6662248&#10;21  libsystem_pthread.dylib             0x00007ff8058294f4 _pthread_start + 125&#10;22  libsystem_pthread.dylib             0x00007ff80582500f thread_start + 15">self = &lt;OrangeHRM.testCases.test_Login.TestLogin object at 0x10e7f9880&gt;

    @pytest.mark.sanity
    def test_login(self):
        baseURL = ReadConfig.getApplicationURL()
    
        # Initialize the Chrome driver
        self.driver = webdriver.Chrome()
        self.driver.get(baseURL)
        self.driver.maximize_window()
    
        # Initialize the LoginPage object
        self.driver.implicitly_wait(10)
        self.lp = HomePage(self.driver)
&gt;       self.lp.clickTimesheets()

testCases/test_Login.py:20: 
_ _ _ _ _ _ _ _ _ _ _ _ _ _ _ _ _ _ _ _ _ _ _ _ _ _ _ _ _ _ _ _ _ _ _ _ _ _ _ _ _ _ _ _ _ _ _ _ _ 
pageObjects/LoginPageObjects.py:15: in clickTimesheets
    self.driver.find_element(By.XPATH,self.btn_timesheets_xpath).click()
../../../.pyenv/versions/3.9.18/lib/python3.9/site-packages/selenium/webdriver/remote/webdriver.py:748: in find_element
    return self.execute(Command.FIND_ELEMENT, {"using": by, "value": value})["value"]
../../../.pyenv/versions/3.9.18/lib/python3.9/site-packages/selenium/webdriver/remote/webdriver.py:354: in execute
    self.error_handler.check_response(response)
_ _ _ _ _ _ _ _ _ _ _ _ _ _ _ _ _ _ _ _ _ _ _ _ _ _ _ _ _ _ _ _ _ _ _ _ _ _ _ _ _ _ _ _ _ _ _ _ _ 

self = &lt;selenium.webdriver.remote.errorhandler.ErrorHandler object at 0x10e7f96d0&gt;
response = {'status': 404, 'value': '{"value":{"error":"no such element","message":"no such element: Unable to locate element: {\...ff8058294f4 _pthread_start + 125\\n22  libsystem_pthread.dylib             0x00007ff80582500f thread_start + 15\\n"}}'}

    def check_response(self, response: Dict[str, Any]) -&gt; None:
        """Checks that a JSON response from the WebDriver does not have an
        error.
    
        :Args:
         - response - The JSON response from the WebDriver server as a dictionary
           object.
    
        :Raises: If the response contains an error message.
        """
        status = response.get("status", None)
        if not status or status == ErrorCode.SUCCESS:
            return
        value = None
        message = response.get("message", "")
        screen: str = response.get("screen", "")
        stacktrace = None
        if isinstance(status, int):
            value_json = response.get("value", None)
            if value_json and isinstance(value_json, str):
                import json
    
                try:
                    value = json.loads(value_json)
                    if len(value) == 1:
                        value = value["value"]
                    status = value.get("error", None)
                    if not status:
                        status = value.get("status", ErrorCode.UNKNOWN_ERROR)
                        message = value.get("value") or value.get("message")
                        if not isinstance(message, str):
                            value = message
                            message = message.get("message")
                    else:
                        message = value.get("message", None)
                except ValueError:
                    pass
    
        exception_class: Type[WebDriverException]
        e = ErrorCode()
        error_codes = [item for item in dir(e) if not item.startswith("__")]
        for error_code in error_codes:
            error_info = getattr(ErrorCode, error_code)
            if isinstance(error_info, list) and status in error_info:
                exception_class = getattr(ExceptionMapping, error_code, WebDriverException)
                break
        else:
            exception_class = WebDriverException
    
        if not value:
            value = response["value"]
        if isinstance(value, str):
            raise exception_class(value)
        if message == "" and "message" in value:
            message = value["message"]
    
        screen = None  # type: ignore[assignment]
        if "screen" in value:
            screen = value["screen"]
    
        stacktrace = None
        st_value = value.get("stackTrace") or value.get("stacktrace")
        if st_value:
            if isinstance(st_value, str):
                stacktrace = st_value.split("\n")
            else:
                stacktrace = []
                try:
                    for frame in st_value:
                        line = frame.get("lineNumber", "")
                        file = frame.get("fileName", "&lt;anonymous&gt;")
                        if line:
                            file = f"{file}:{line}"
                        meth = frame.get("methodName", "&lt;anonymous&gt;")
                        if "className" in frame:
                            meth = f"{frame['className']}.{meth}"
                        msg = "    at %s (%s)"
                        msg = msg % (meth, file)
                        stacktrace.append(msg)
                except TypeError:
                    pass
        if exception_class == UnexpectedAlertPresentException:
            alert_text = None
            if "data" in value:
                alert_text = value["data"].get("text")
            elif "alert" in value:
                alert_text = value["alert"].get("text")
            raise exception_class(message, screen, stacktrace, alert_text)  # type: ignore[call-arg]  # mypy is not smart enough here
&gt;       raise exception_class(message, screen, stacktrace)
E       selenium.common.exceptions.NoSuchElementException: Message: no such element: Unable to locate element: {"method":"xpath","selector":"/html/body/app-root/div/div/div/div/app-home/div/div/div/div/ngx-slick-carousel/div/div/div[2]/div/div/h2"}
E         (Session info: chrome=131.0.6778.86); For documentation on this error, please visit: https://www.selenium.dev/documentation/webdriver/troubleshooting/errors#no-such-element-exception
E       Stacktrace:
E       0   chromedriver                        0x000000010f55ce82 chromedriver + 6696578
E       1   chromedriver                        0x000000010f554c9a chromedriver + 6663322
E       2   chromedriver                        0x000000010ef5ce3e chromedriver + 405054
E       3   chromedriver                        0x000000010efad815 chromedriver + 735253
E       4   chromedriver                        0x000000010efadd11 chromedriver + 736529
E       5   chromedriver                        0x000000010eff8314 chromedriver + 1041172
E       6   chromedriver                        0x000000010efd289d chromedriver + 886941
E       7   chromedriver                        0x000000010eff53f4 chromedriver + 1029108
E       8   chromedriver                        0x000000010efd2613 chromedriver + 886291
E       9   chromedriver                        0x000000010ef9f950 chromedriver + 678224
E       10  chromedriver                        0x000000010efa034e chromedriver + 680782
E       11  chromedriver                        0x000000010f52a770 chromedriver + 6489968
E       12  chromedriver                        0x000000010f52d219 chromedriver + 6500889
E       13  chromedriver                        0x000000010f52cd3b chromedriver + 6499643
E       14  chromedriver                        0x000000010f52d6a5 chromedriver + 6502053
E       15  chromedriver                        0x000000010f515524 chromedriver + 6403364
E       16  chromedriver                        0x000000010f52d98f chromedriver + 6502799
E       17  chromedriver                        0x000000010f506954 chromedriver + 6342996
E       18  chromedriver                        0x000000010f545378 chromedriver + 6599544
E       19  chromedriver                        0x000000010f545535 chromedriver + 6599989
E       20  chromedriver                        0x000000010f554868 chromedriver + 6662248
E       21  libsystem_pthread.dylib             0x00007ff8058294f4 _pthread_start + 125
E       22  libsystem_pthread.dylib             0x00007ff80582500f thread_start + 15

../../../.pyenv/versions/3.9.18/lib/python3.9/site-packages/selenium/webdriver/remote/errorhandler.py:229: NoSuchElementException</failure></testcase></testsuite></testsuites>